=== psws-drf-tid-tools run log ===
Timestamp:   2026-05-28T172939Z
Tool:        tid_doa.py
Working dir: /home/bob/Downloads/tid_event_20260119

--- INPUTS (from config) ---
Event start: 2026-01-19T00:01:02.511874701+00:00
Event end:   2026-01-19T02:03:02.511874701+00:00
Resample s:  60
Use bandpass:False
Stations (4):
  AA6BD          file=/home/bob/Downloads/tid_event_20260119/aa6bd_spline_tid.csv  method=spline  lat=35.06 lon=-85.13
  AC0G_ND        file=/home/bob/Downloads/tid_event_20260119/ac0g_nd_spline_tid.csv  method=spline  lat=46.875 lon=-96.8333
  N6RFM          file=/home/bob/Downloads/tid_event_20260119/n6rfm_spline_tid.csv  method=spline  lat=32.94 lon=-97.21
  W7LUX          file=/home/bob/Downloads/tid_event_20260119/w7lux_spline_tid.csv  method=spline  lat=35.1042 lon=-111.7083

--- RESULT ---
Phase speed:    444.6 m/s
Heading toward: 216.2 deg
Coming from:    36.2 deg

--- PAIRWISE ---
       AA6BD -> AC0G_ND    lag=  +28.6s corr=+0.499
       AA6BD -> N6RFM      lag=+1253.1s corr=+0.696
       AA6BD -> W7LUX      lag=+1481.2s corr=+0.816
     AC0G_ND -> N6RFM      lag=+1900.5s corr=+0.419
     AC0G_ND -> W7LUX      lag=+1764.5s corr=+0.311
       N6RFM -> W7LUX      lag= +670.4s corr=+0.662

--- DIAGNOSTICS ---
=== RESULT DIAGNOSTICS ===
(Guideline ranges, not pass/fail. You decide what is
 acceptable for your event and array.)

[1] Geometry conditioning
    Singular-value ratio:  1.4
    Typical good range:    < ~30  (higher = near-collinear midpoints,
                           direction poorly constrained)

[2] Plane-wave fit residual
    RMS lag residual:      318 s  (26.8% of mean abs lag 1183 s)
    Typical good range:    < ~25%  (higher = lags not consistent
                           with a single coherent wave)
    >> OUTSIDE typical range. A single plane wave does
       not explain the lags well: possible noise or
       multiple superimposed waves.

[3] Pairwise correlation
    6 pairs: min 0.311, mean 0.567, max 0.816
    Guideline:             pairs < 0.40 are weak; target >0.7
    >> 1 weak pair(s): AC0G_ND->W7LUX 0.311
       Consider dropping AC0G_ND (1 weak pair(s)) and re-running to test robustness.

[4] Triangle closure
    4 triple(s), worst: 676 s  (63.7% of mean leg)
    Typical good range:    < ~15%  (higher = at least
                           one pair lag is a wrong peak)
    >> OUTSIDE typical range (triple AA6BD/AC0G_ND/N6RFM). One pair correlation
       likely locked a wrong peak; check the pairwise
       table; a window tighten or drop may help.
       Suggested drop: AC0G_ND (lowest mean corr in worst triple)

[5] Phase speed
    Result:                445 m/s
    Typical TID range:     100-1000 m/s (LSTID); 100-300 (MSTID)

  >> 3 of 5 diagnostic(s) outside typical ranges.
     This result merits scrutiny before use; see the
     flagged items above.

Reminder: these are internal consistency checks. They
cannot confirm the result is physically real -- cross-
checking against an independent method or a hand-analysed
event remains the strongest validation.

--- PROVENANCE ---
git commit:  b9d02cf
command:     /home/bob/psws-tools-pr/tid_doa.py /home/bob/Downloads/tid_event_20260119/tid_workflow_event.json
